-------------------------------------------------------------------------------
Test set: com.demo.DemoApplicationTests
-------------------------------------------------------------------------------
Tests run: 3, Failures: 0, Errors: 1, Skipped: 0, Time elapsed: 4.502 s <<< FAILURE! - in com.demo.DemoApplicationTests
testGenJWT  Time elapsed: 0.001 s  <<< ERROR!
java.lang.IllegalArgumentException: secret key byte array cannot be null or empty.
	at com.demo.DemoApplicationTests.testGenJWT(DemoApplicationTests.java:38)

