<?xml version="1.0" encoding="UTF-8"?>
<testsuite xmlns:xsi="http://www.w3.org/2001/XMLSchema-instance" xsi:noNamespaceSchemaLocation="https://maven.apache.org/surefire/maven-surefire-plugin/xsd/surefire-test-report.xsd" name="com.demo.DemoApplicationTests" time="4.502" tests="3" errors="1" skipped="0" failures="0">
  <properties>
[...]
</properties>
  <testcase name="testUUid" classname="com.demo.DemoApplicationTests" time="0.957"/>
  <testcase name="contextLoads" classname="com.demo.DemoApplicationTests" time="0"/>
  <testcase name="testGenJWT" classname="com.demo.DemoApplicationTests" time="0.001">
    <error message="secret key byte array cannot be null or empty." type="java.lang.IllegalArgumentException">java.lang.IllegalArgumentException: secret key byte array cannot be null or empty.
	at com.demo.DemoApplicationTests.testGenJWT(DemoApplicationTests.java:38)
</error>
  </testcase>
</testsuite>